2016-05-12 22:44:36 [127.0.0.1][-][ccmvq4709svjab08782c6n8802][error][yii\web\HttpException:404] exception 'yii\base\InvalidRouteException' with message 'Unable to resolve the request "asset".' in C:\phpStudy\WWW\YiiTemplate\advanced\vendor\yiisoft\yii2\base\Module.php:460
Stack trace:
#0 C:\phpStudy\WWW\YiiTemplate\advanced\vendor\yiisoft\yii2\web\Application.php(84): yii\base\Module->runAction('asset', Array)
#1 C:\phpStudy\WWW\YiiTemplate\advanced\vendor\yiisoft\yii2\base\Application.php(375): yii\web\Application->handleRequest(Object(yii\web\Request))
#2 C:\phpStudy\WWW\YiiTemplate\advanced\frontend\web\index.php(18): yii\base\Application->run()
#3 {main}

Next exception 'yii\web\NotFoundHttpException' with message 'Page not found.' in C:\phpStudy\WWW\YiiTemplate\advanced\vendor\yiisoft\yii2\web\Application.php:96
Stack trace:
#0 C:\phpStudy\WWW\YiiTemplate\advanced\vendor\yiisoft\yii2\base\Application.php(375): yii\web\Application->handleRequest(Object(yii\web\Request))
#1 C:\phpStudy\WWW\YiiTemplate\advanced\frontend\web\index.php(18): yii\base\Application->run()
#2 {main}
2016-05-12 22:44:36 [127.0.0.1][-][ccmvq4709svjab08782c6n8802][info][application] $_GET = [
    'r' => 'asset'
]

$_COOKIE = [
    'PHPSESSID' => 'ccmvq4709svjab08782c6n8802'
    '_csrf' => '51cb1eb91d02458841f87afa0706f7c81ce312e1236160c4f057c389c62e8b24a:2:{i:0;s:5:\"_csrf\";i:1;s:32:\"eiJc8oloZZzwMWSn0o-AWs4wvbVJXy8r\";}'
]

$_SESSION = [
    '__flash' => []
    '__captcha/site/captcha' => 'fulova'
    '__captcha/site/captchacount' => 1
]

$_SERVER = [
    'NVIDIAWHITELISTED' => '0x01'
    'PATH' => 'C:\\Ruby22-x64\\bin;C:\\bin;C:\\Program Files (x86)\\Common Files\\NetSarang;C:\\Program Files (x86)\\Git\\bin\\;C:\\Program Files (x86)\\Intel\\OpenCL SDK\\2.0\\bin\\x64;C:\\Program Files (x86)\\Intel\\OpenCL SDK\\2.0\\bin\\x86;C:\\Program Files (x86)\\Intel\\Services\\IPT\\;C:\\Program Files (x86)\\TortoiseSVN\\bin;C:\\Program Files (x86)\\Windows7Master;C:\\Program Files\\Common Files\\Intel\\WirelessCommon\\;C:\\Program Files\\Intel\\WiFi\\bin\\;C:\\Program Files\\nodejs\\;C:\\Python34\\;C:\\Python34\\Scripts;C:\\wamp\\bin\\php\\php5.5.12;C:\\windows;C:\\windows\\system32;C:\\windows\\System32\\Wbem;C:\\windows\\System32\\WindowsPowerShell\\v1.0\\;C:\\ProgramData\\chocolatey\\bin;C:\\ProgramData\\ComposerSetup\\bin;C:\\Program Files\\Intel\\WiFi\\bin\\;C:\\Program Files\\Common Files\\Intel\\WirelessCommon\\;C:\\Users\\Administrator\\AppData\\Roaming\\npm;C:\\Users\\Administrator\\AppData\\Roaming\\Composer\\vendor\\bin'
    'SHIM_MCCOMPAT' => '0x810000001'
    'SYSTEMROOT' => 'C:\\windows'
    'COMSPEC' => 'C:\\windows\\system32\\cmd.exe'
    'PATHEXT' => '.COM;.EXE;.BAT;.CMD;.VBS;.VBE;.JS;.JSE;.WSF;.WSH;.MSC;.PY;.RB;.RBW'
    'WINDIR' => 'C:\\windows'
    'PHP_FCGI_MAX_REQUESTS' => '1000'
    'PHPRC' => 'C:/phpStudy/php55n'
    '_FCGI_SHUTDOWN_EVENT_' => '556'
    'SCRIPT_NAME' => '/index.php'
    'REQUEST_URI' => '/index.php?r=asset'
    'QUERY_STRING' => 'r=asset'
    'REQUEST_METHOD' => 'GET'
    'SERVER_PROTOCOL' => 'HTTP/1.1'
    'GATEWAY_INTERFACE' => 'CGI/1.1'
    'REMOTE_PORT' => '55856'
    'SCRIPT_FILENAME' => 'C:/phpStudy/WWW/YiiTemplate/advanced/frontend/web/index.php'
    'SERVER_ADMIN' => 'admin@phpStudy.net'
    'CONTEXT_DOCUMENT_ROOT' => 'C:/phpStudy/WWW/YiiTemplate/advanced/frontend/web'
    'CONTEXT_PREFIX' => ''
    'REQUEST_SCHEME' => 'http'
    'DOCUMENT_ROOT' => 'C:/phpStudy/WWW/YiiTemplate/advanced/frontend/web'
    'REMOTE_ADDR' => '127.0.0.1'
    'SERVER_PORT' => '80'
    'SERVER_ADDR' => '127.0.0.1'
    'SERVER_NAME' => 'www.dev.local'
    'SERVER_SOFTWARE' => 'Apache/2.4.18 (Win32) OpenSSL/1.0.2e mod_fcgid/2.3.9'
    'SERVER_SIGNATURE' => ''
    'SystemRoot' => 'C:\\windows'
    'HTTP_COOKIE' => 'PHPSESSID=ccmvq4709svjab08782c6n8802; _csrf=51cb1eb91d02458841f87afa0706f7c81ce312e1236160c4f057c389c62e8b24a%3A2%3A%7Bi%3A0%3Bs%3A5%3A%22_csrf%22%3Bi%3A1%3Bs%3A32%3A%22eiJc8oloZZzwMWSn0o-AWs4wvbVJXy8r%22%3B%7D'
    'HTTP_ACCEPT_LANGUAGE' => 'zh-CN,zh;q=0.8'
    'HTTP_ACCEPT_ENCODING' => 'gzip, deflate, sdch'
    'HTTP_DNT' => '1'
    'HTTP_USER_AGENT' => 'Mozilla/5.0 (Windows NT 6.1; WOW64) AppleWebKit/537.36 (KHTML, like Gecko) Chrome/50.0.2661.94 Safari/537.36'
    'HTTP_UPGRADE_INSECURE_REQUESTS' => '1'
    'HTTP_ACCEPT' => 'text/html,application/xhtml+xml,application/xml;q=0.9,image/webp,*/*;q=0.8'
    'HTTP_CONNECTION' => 'close'
    'HTTP_HOST' => 'www.dev.local'
    'FCGI_ROLE' => 'RESPONDER'
    'PHP_SELF' => '/index.php'
    'REQUEST_TIME_FLOAT' => 1463064276.6304
    'REQUEST_TIME' => 1463064276
]
2016-05-12 22:44:41 [127.0.0.1][-][ccmvq4709svjab08782c6n8802][error][yii\web\HttpException:404] exception 'yii\base\InvalidRouteException' with message 'Unable to resolve the request "asset/index".' in C:\phpStudy\WWW\YiiTemplate\advanced\vendor\yiisoft\yii2\base\Module.php:460
Stack trace:
#0 C:\phpStudy\WWW\YiiTemplate\advanced\vendor\yiisoft\yii2\web\Application.php(84): yii\base\Module->runAction('asset/index', Array)
#1 C:\phpStudy\WWW\YiiTemplate\advanced\vendor\yiisoft\yii2\base\Application.php(375): yii\web\Application->handleRequest(Object(yii\web\Request))
#2 C:\phpStudy\WWW\YiiTemplate\advanced\frontend\web\index.php(18): yii\base\Application->run()
#3 {main}

Next exception 'yii\web\NotFoundHttpException' with message 'Page not found.' in C:\phpStudy\WWW\YiiTemplate\advanced\vendor\yiisoft\yii2\web\Application.php:96
Stack trace:
#0 C:\phpStudy\WWW\YiiTemplate\advanced\vendor\yiisoft\yii2\base\Application.php(375): yii\web\Application->handleRequest(Object(yii\web\Request))
#1 C:\phpStudy\WWW\YiiTemplate\advanced\frontend\web\index.php(18): yii\base\Application->run()
#2 {main}
2016-05-12 22:44:41 [127.0.0.1][-][ccmvq4709svjab08782c6n8802][info][application] $_GET = [
    'r' => 'asset/index'
]

$_COOKIE = [
    'PHPSESSID' => 'ccmvq4709svjab08782c6n8802'
    '_csrf' => '51cb1eb91d02458841f87afa0706f7c81ce312e1236160c4f057c389c62e8b24a:2:{i:0;s:5:\"_csrf\";i:1;s:32:\"eiJc8oloZZzwMWSn0o-AWs4wvbVJXy8r\";}'
]

$_SESSION = [
    '__flash' => []
    '__captcha/site/captcha' => 'fulova'
    '__captcha/site/captchacount' => 1
]

$_SERVER = [
    'NVIDIAWHITELISTED' => '0x01'
    'PATH' => 'C:\\Ruby22-x64\\bin;C:\\bin;C:\\Program Files (x86)\\Common Files\\NetSarang;C:\\Program Files (x86)\\Git\\bin\\;C:\\Program Files (x86)\\Intel\\OpenCL SDK\\2.0\\bin\\x64;C:\\Program Files (x86)\\Intel\\OpenCL SDK\\2.0\\bin\\x86;C:\\Program Files (x86)\\Intel\\Services\\IPT\\;C:\\Program Files (x86)\\TortoiseSVN\\bin;C:\\Program Files (x86)\\Windows7Master;C:\\Program Files\\Common Files\\Intel\\WirelessCommon\\;C:\\Program Files\\Intel\\WiFi\\bin\\;C:\\Program Files\\nodejs\\;C:\\Python34\\;C:\\Python34\\Scripts;C:\\wamp\\bin\\php\\php5.5.12;C:\\windows;C:\\windows\\system32;C:\\windows\\System32\\Wbem;C:\\windows\\System32\\WindowsPowerShell\\v1.0\\;C:\\ProgramData\\chocolatey\\bin;C:\\ProgramData\\ComposerSetup\\bin;C:\\Program Files\\Intel\\WiFi\\bin\\;C:\\Program Files\\Common Files\\Intel\\WirelessCommon\\;C:\\Users\\Administrator\\AppData\\Roaming\\npm;C:\\Users\\Administrator\\AppData\\Roaming\\Composer\\vendor\\bin'
    'SHIM_MCCOMPAT' => '0x810000001'
    'SYSTEMROOT' => 'C:\\windows'
    'COMSPEC' => 'C:\\windows\\system32\\cmd.exe'
    'PATHEXT' => '.COM;.EXE;.BAT;.CMD;.VBS;.VBE;.JS;.JSE;.WSF;.WSH;.MSC;.PY;.RB;.RBW'
    'WINDIR' => 'C:\\windows'
    'PHP_FCGI_MAX_REQUESTS' => '1000'
    'PHPRC' => 'C:/phpStudy/php55n'
    '_FCGI_SHUTDOWN_EVENT_' => '556'
    'SCRIPT_NAME' => '/index.php'
    'REQUEST_URI' => '/index.php?r=asset/index'
    'QUERY_STRING' => 'r=asset/index'
    'REQUEST_METHOD' => 'GET'
    'SERVER_PROTOCOL' => 'HTTP/1.1'
    'GATEWAY_INTERFACE' => 'CGI/1.1'
    'REMOTE_PORT' => '55856'
    'SCRIPT_FILENAME' => 'C:/phpStudy/WWW/YiiTemplate/advanced/frontend/web/index.php'
    'SERVER_ADMIN' => 'admin@phpStudy.net'
    'CONTEXT_DOCUMENT_ROOT' => 'C:/phpStudy/WWW/YiiTemplate/advanced/frontend/web'
    'CONTEXT_PREFIX' => ''
    'REQUEST_SCHEME' => 'http'
    'DOCUMENT_ROOT' => 'C:/phpStudy/WWW/YiiTemplate/advanced/frontend/web'
    'REMOTE_ADDR' => '127.0.0.1'
    'SERVER_PORT' => '80'
    'SERVER_ADDR' => '127.0.0.1'
    'SERVER_NAME' => 'www.dev.local'
    'SERVER_SOFTWARE' => 'Apache/2.4.18 (Win32) OpenSSL/1.0.2e mod_fcgid/2.3.9'
    'SERVER_SIGNATURE' => ''
    'SystemRoot' => 'C:\\windows'
    'HTTP_COOKIE' => 'PHPSESSID=ccmvq4709svjab08782c6n8802; _csrf=51cb1eb91d02458841f87afa0706f7c81ce312e1236160c4f057c389c62e8b24a%3A2%3A%7Bi%3A0%3Bs%3A5%3A%22_csrf%22%3Bi%3A1%3Bs%3A32%3A%22eiJc8oloZZzwMWSn0o-AWs4wvbVJXy8r%22%3B%7D'
    'HTTP_ACCEPT_LANGUAGE' => 'zh-CN,zh;q=0.8'
    'HTTP_ACCEPT_ENCODING' => 'gzip, deflate, sdch'
    'HTTP_DNT' => '1'
    'HTTP_USER_AGENT' => 'Mozilla/5.0 (Windows NT 6.1; WOW64) AppleWebKit/537.36 (KHTML, like Gecko) Chrome/50.0.2661.94 Safari/537.36'
    'HTTP_UPGRADE_INSECURE_REQUESTS' => '1'
    'HTTP_ACCEPT' => 'text/html,application/xhtml+xml,application/xml;q=0.9,image/webp,*/*;q=0.8'
    'HTTP_CONNECTION' => 'close'
    'HTTP_HOST' => 'www.dev.local'
    'FCGI_ROLE' => 'RESPONDER'
    'PHP_SELF' => '/index.php'
    'REQUEST_TIME_FLOAT' => 1463064281.5277
    'REQUEST_TIME' => 1463064281
]
2016-05-12 22:45:47 [127.0.0.1][-][ccmvq4709svjab08782c6n8802][error][yii\web\HttpException:404] exception 'yii\base\InvalidRouteException' with message 'Unable to resolve the request "asset/index".' in C:\phpStudy\WWW\YiiTemplate\advanced\vendor\yiisoft\yii2\base\Module.php:460
Stack trace:
#0 C:\phpStudy\WWW\YiiTemplate\advanced\vendor\yiisoft\yii2\web\Application.php(84): yii\base\Module->runAction('asset/index', Array)
#1 C:\phpStudy\WWW\YiiTemplate\advanced\vendor\yiisoft\yii2\base\Application.php(375): yii\web\Application->handleRequest(Object(yii\web\Request))
#2 C:\phpStudy\WWW\YiiTemplate\advanced\frontend\web\index.php(18): yii\base\Application->run()
#3 {main}

Next exception 'yii\web\NotFoundHttpException' with message 'Page not found.' in C:\phpStudy\WWW\YiiTemplate\advanced\vendor\yiisoft\yii2\web\Application.php:96
Stack trace:
#0 C:\phpStudy\WWW\YiiTemplate\advanced\vendor\yiisoft\yii2\base\Application.php(375): yii\web\Application->handleRequest(Object(yii\web\Request))
#1 C:\phpStudy\WWW\YiiTemplate\advanced\frontend\web\index.php(18): yii\base\Application->run()
#2 {main}
2016-05-12 22:45:47 [127.0.0.1][-][ccmvq4709svjab08782c6n8802][info][application] $_GET = [
    'r' => 'asset/index'
]

$_COOKIE = [
    'PHPSESSID' => 'ccmvq4709svjab08782c6n8802'
    '_csrf' => '51cb1eb91d02458841f87afa0706f7c81ce312e1236160c4f057c389c62e8b24a:2:{i:0;s:5:\"_csrf\";i:1;s:32:\"eiJc8oloZZzwMWSn0o-AWs4wvbVJXy8r\";}'
]

$_SESSION = [
    '__flash' => []
    '__captcha/site/captcha' => 'fulova'
    '__captcha/site/captchacount' => 1
]

$_SERVER = [
    'NVIDIAWHITELISTED' => '0x01'
    'PATH' => 'C:\\Ruby22-x64\\bin;C:\\bin;C:\\Program Files (x86)\\Common Files\\NetSarang;C:\\Program Files (x86)\\Git\\bin\\;C:\\Program Files (x86)\\Intel\\OpenCL SDK\\2.0\\bin\\x64;C:\\Program Files (x86)\\Intel\\OpenCL SDK\\2.0\\bin\\x86;C:\\Program Files (x86)\\Intel\\Services\\IPT\\;C:\\Program Files (x86)\\TortoiseSVN\\bin;C:\\Program Files (x86)\\Windows7Master;C:\\Program Files\\Common Files\\Intel\\WirelessCommon\\;C:\\Program Files\\Intel\\WiFi\\bin\\;C:\\Program Files\\nodejs\\;C:\\Python34\\;C:\\Python34\\Scripts;C:\\wamp\\bin\\php\\php5.5.12;C:\\windows;C:\\windows\\system32;C:\\windows\\System32\\Wbem;C:\\windows\\System32\\WindowsPowerShell\\v1.0\\;C:\\ProgramData\\chocolatey\\bin;C:\\ProgramData\\ComposerSetup\\bin;C:\\Program Files\\Intel\\WiFi\\bin\\;C:\\Program Files\\Common Files\\Intel\\WirelessCommon\\;C:\\Users\\Administrator\\AppData\\Roaming\\npm;C:\\Users\\Administrator\\AppData\\Roaming\\Composer\\vendor\\bin'
    'SHIM_MCCOMPAT' => '0x810000001'
    'SYSTEMROOT' => 'C:\\windows'
    'COMSPEC' => 'C:\\windows\\system32\\cmd.exe'
    'PATHEXT' => '.COM;.EXE;.BAT;.CMD;.VBS;.VBE;.JS;.JSE;.WSF;.WSH;.MSC;.PY;.RB;.RBW'
    'WINDIR' => 'C:\\windows'
    'PHP_FCGI_MAX_REQUESTS' => '1000'
    'PHPRC' => 'C:/phpStudy/php55n'
    '_FCGI_SHUTDOWN_EVENT_' => '1896'
    'SCRIPT_NAME' => '/index.php'
    'REQUEST_URI' => '/index.php?r=asset/index'
    'QUERY_STRING' => 'r=asset/index'
    'REQUEST_METHOD' => 'GET'
    'SERVER_PROTOCOL' => 'HTTP/1.1'
    'GATEWAY_INTERFACE' => 'CGI/1.1'
    'REMOTE_PORT' => '55866'
    'SCRIPT_FILENAME' => 'C:/phpStudy/WWW/YiiTemplate/advanced/frontend/web/index.php'
    'SERVER_ADMIN' => 'admin@phpStudy.net'
    'CONTEXT_DOCUMENT_ROOT' => 'C:/phpStudy/WWW/YiiTemplate/advanced/frontend/web'
    'CONTEXT_PREFIX' => ''
    'REQUEST_SCHEME' => 'http'
    'DOCUMENT_ROOT' => 'C:/phpStudy/WWW/YiiTemplate/advanced/frontend/web'
    'REMOTE_ADDR' => '127.0.0.1'
    'SERVER_PORT' => '80'
    'SERVER_ADDR' => '127.0.0.1'
    'SERVER_NAME' => 'www.dev.local'
    'SERVER_SOFTWARE' => 'Apache/2.4.18 (Win32) OpenSSL/1.0.2e mod_fcgid/2.3.9'
    'SERVER_SIGNATURE' => ''
    'SystemRoot' => 'C:\\windows'
    'HTTP_COOKIE' => 'PHPSESSID=ccmvq4709svjab08782c6n8802; _csrf=51cb1eb91d02458841f87afa0706f7c81ce312e1236160c4f057c389c62e8b24a%3A2%3A%7Bi%3A0%3Bs%3A5%3A%22_csrf%22%3Bi%3A1%3Bs%3A32%3A%22eiJc8oloZZzwMWSn0o-AWs4wvbVJXy8r%22%3B%7D'
    'HTTP_ACCEPT_LANGUAGE' => 'zh-CN,zh;q=0.8'
    'HTTP_ACCEPT_ENCODING' => 'gzip, deflate, sdch'
    'HTTP_DNT' => '1'
    'HTTP_USER_AGENT' => 'Mozilla/5.0 (Windows NT 6.1; WOW64) AppleWebKit/537.36 (KHTML, like Gecko) Chrome/50.0.2661.94 Safari/537.36'
    'HTTP_UPGRADE_INSECURE_REQUESTS' => '1'
    'HTTP_ACCEPT' => 'text/html,application/xhtml+xml,application/xml;q=0.9,image/webp,*/*;q=0.8'
    'HTTP_CACHE_CONTROL' => 'max-age=0'
    'HTTP_CONNECTION' => 'close'
    'HTTP_HOST' => 'www.dev.local'
    'FCGI_ROLE' => 'RESPONDER'
    'PHP_SELF' => '/index.php'
    'REQUEST_TIME_FLOAT' => 1463064347.2508
    'REQUEST_TIME' => 1463064347
]
